[2017-11-06 13:37:29] slim-app.INFO: Slim-Skeleton '/' route [] {"uid":"78ce7d1"}
[2017-11-06 13:37:30] slim-app.INFO: Slim-Skeleton '/' route [] {"uid":"eaf402a"}
[2017-11-06 14:29:47] slim-app.INFO: Slim-Skeleton '/' route [] {"uid":"80d68c9"}
[2017-11-06 14:58:04] slim-app.INFO: Slim-Skeleton '/' route [] {"uid":"c0ecda6"}
[2017-11-06 14:59:24] slim-app.INFO: Slim-Skeleton '/' route [] {"uid":"7455265"}
[2017-11-06 14:59:30] slim-app.INFO: Slim-Skeleton '/' route [] {"uid":"4c72069"}
[2017-11-06 15:09:53] slim-app.INFO: Slim-Skeleton '/' route [] {"uid":"5683a29"}
[2017-11-06 15:10:04] slim-app.INFO: Slim-Skeleton '/' route [] {"uid":"e8d0cc2"}
[2017-11-06 15:14:14] slim-app.INFO: Slim-Skeleton '/' route [] {"uid":"5868c34"}
[2017-11-06 15:17:58] slim-app.INFO: Slim-Skeleton '/' route [] {"uid":"8ef364b"}
[2017-11-06 15:18:51] slim-app.INFO: Slim-Skeleton '/' route [] {"uid":"70aa85d"}
[2017-11-06 15:22:36] slim-app.INFO: Slim-Skeleton '/' route [] {"uid":"56fa1ac"}
[2017-11-06 15:24:04] slim-app.INFO: Slim-Skeleton '/' route [] {"uid":"31d94b3"}
[2017-11-06 15:28:54] slim-app.INFO: Slim-Skeleton '/' route [] {"uid":"3c06ab9"}
[2017-11-06 15:29:14] slim-app.INFO: Slim-Skeleton '/' route [] {"uid":"3ef23e8"}
[2017-11-06 15:29:25] slim-app.INFO: Slim-Skeleton '/' route [] {"uid":"3d5b0b2"}
[2017-11-06 15:29:29] slim-app.INFO: Slim-Skeleton '/' route [] {"uid":"f22bf45"}
[2017-11-06 15:29:37] slim-app.INFO: Slim-Skeleton '/' route [] {"uid":"b32b51d"}
[2017-11-06 15:33:18] slim-app.INFO: Slim-Skeleton '/' route [] {"uid":"945efda"}
[2017-11-06 15:34:55] slim-app.INFO: Slim-Skeleton '/' route [] {"uid":"ce273d4"}
[2017-11-06 15:35:14] slim-app.INFO: Slim-Skeleton '/' route [] {"uid":"50756e0"}
[2017-11-06 15:35:28] slim-app.INFO: Slim-Skeleton '/' route [] {"uid":"41ad2cf"}
[2017-11-21 14:37:45] slim-app.INFO: Slim-Skeleton '/' route [] {"uid":"26c6a60"}
[2017-11-21 14:46:00] slim-app.INFO: Slim-Skeleton '/' route [] {"uid":"952f97e"}
[2017-11-21 14:46:05] slim-app.INFO: Slim-Skeleton '/' route [] {"uid":"56f2856"}
[2017-11-21 15:57:23] slim-app.INFO: Requesting the form [] {"uid":"bc8ca85"}
[2017-11-21 15:57:41] slim-app.INFO: Requesting the form [] {"uid":"4e0aece"}
[2017-11-21 15:57:46] slim-app.INFO: Requesting the form [] {"uid":"dbba8ab"}
[2017-11-21 16:00:29] slim-app.INFO: Requesting the form [] {"uid":"3f4c1ea"}
[2017-11-21 16:05:00] slim-app.INFO: Slim-Skeleton '/' route [] {"uid":"9bc2187"}
[2017-11-21 16:05:03] slim-app.INFO: Slim-Skeleton '/' route [] {"uid":"f629bbf"}
[2017-11-21 16:06:03] slim-app.INFO: Slim-Skeleton '/' route [] {"uid":"dc22c8a"}
[2017-11-21 16:06:15] slim-app.INFO: Slim-Skeleton '/' route [] {"uid":"9c63f82"}
[2017-11-21 16:08:09] slim-app.INFO: Slim-Skeleton '/' route [] {"uid":"450c0da"}
[2017-11-21 16:09:05] slim-app.INFO: Requesting the form [] {"uid":"784a3e9"}
[2017-11-21 16:09:25] slim-app.INFO: Requesting the form [] {"uid":"a6cbb71"}
[2017-11-21 16:24:45] slim-app.INFO: Slim-Skeleton '/' route [] {"uid":"0fd1488"}
[2017-11-21 16:24:50] slim-app.INFO: Requesting the form [] {"uid":"f8e197f"}
[2017-11-21 16:26:01] slim-app.INFO: Requesting the form [] {"uid":"d6afc69"}
[2017-11-21 16:26:04] slim-app.INFO: Submitting info [] {"uid":"ccd0487"}
[2017-11-21 16:26:27] slim-app.INFO: Requesting the form [] {"uid":"de4e13f"}
[2017-11-21 16:26:32] slim-app.INFO: Submitting info [] {"uid":"72cad3a"}
[2017-11-21 16:26:46] slim-app.INFO: Requesting the form [] {"uid":"f5389f2"}
[2017-11-21 16:26:55] slim-app.INFO: Submitting info [] {"uid":"a4e1f92"}
[2017-11-21 16:29:30] slim-app.INFO: Requesting the form [] {"uid":"f910020"}
[2017-11-21 16:29:32] slim-app.INFO: Requesting the form [] {"uid":"9a0124d"}
[2017-11-21 16:29:50] slim-app.INFO: Requesting the form [] {"uid":"d4d76b0"}
[2017-11-21 16:29:59] slim-app.INFO: Submitting info [] {"uid":"86eead0"}
[2017-11-21 16:30:36] slim-app.INFO: Requesting the form [] {"uid":"596d516"}
[2017-11-21 16:30:41] slim-app.INFO: Requesting the form [] {"uid":"54de7fe"}
[2017-11-21 16:30:52] slim-app.INFO: Requesting the form [] {"uid":"a5138af"}
[2017-11-21 16:30:58] slim-app.INFO: Submitting info [] {"uid":"c688186"}
[2017-11-21 16:32:08] slim-app.INFO: Submitting info [] {"uid":"ff47435"}
[2017-11-21 16:32:15] slim-app.INFO: Requesting the form [] {"uid":"a77b162"}
[2017-11-21 16:32:19] slim-app.INFO: Submitting info [] {"uid":"e592920"}
[2017-11-21 16:32:53] slim-app.INFO: Requesting the form [] {"uid":"c9fce9e"}
[2017-11-21 16:33:04] slim-app.INFO: Submitting info [] {"uid":"81d58ab"}
[2017-11-21 16:33:04] slim-app.INFO: Array [] {"uid":"81d58ab"}
[2017-11-21 16:33:07] slim-app.INFO: Requesting the form [] {"uid":"d2d1fdb"}
[2017-11-21 16:33:09] slim-app.INFO: Submitting info [] {"uid":"5d2049a"}
[2017-11-21 16:33:09] slim-app.INFO: Array [] {"uid":"5d2049a"}
[2017-11-21 16:36:13] slim-app.INFO: Requesting the form [] {"uid":"877a79b"}
[2017-11-21 16:36:16] slim-app.INFO: Submitting info [] {"uid":"176089e"}
[2017-11-21 16:36:35] slim-app.INFO: Submitting info [] {"uid":"66e4916"}
[2017-11-21 16:36:56] slim-app.INFO: Requesting the form [] {"uid":"51f8859"}
[2017-11-21 16:36:59] slim-app.INFO: Submitting info [] {"uid":"84ee314"}
[2017-11-21 16:36:59] slim-app.INFO:  [] {"uid":"84ee314"}
[2017-11-21 16:37:43] slim-app.INFO: Requesting the form [] {"uid":"361d4e9"}
[2017-11-21 16:37:49] slim-app.INFO: Submitting info [] {"uid":"ca6fa12"}
[2017-11-21 16:37:49] slim-app.INFO:  [] {"uid":"ca6fa12"}
[2017-11-21 16:38:35] slim-app.INFO: Requesting the form [] {"uid":"b5284c0"}
[2017-11-21 16:38:38] slim-app.INFO: Submitting info [] {"uid":"86bc5a6"}
[2017-11-21 16:38:38] slim-app.INFO: Array [] {"uid":"86bc5a6"}
[2017-11-21 16:40:05] slim-app.INFO: Requesting the form [] {"uid":"e0eca3a"}
[2017-11-21 16:40:07] slim-app.INFO: Submitting info [] {"uid":"0d630ca"}
[2017-11-21 16:40:07] slim-app.INFO: a [] {"uid":"0d630ca"}
[2017-11-21 16:45:11] slim-app.INFO: Requesting the form [] {"uid":"0568116"}
[2017-11-21 16:45:14] slim-app.INFO: Submitting info [] {"uid":"64d6f8a"}
[2017-11-21 16:45:14] slim-app.INFO: a [] {"uid":"64d6f8a"}
[2017-11-21 16:45:59] slim-app.INFO: Requesting the form [] {"uid":"b12233a"}
[2017-11-21 16:46:04] slim-app.INFO: Submitting info [] {"uid":"92683e9"}
[2017-11-21 16:46:04] slim-app.INFO: vadez [] {"uid":"92683e9"}
[2017-11-21 16:54:15] slim-app.INFO: Requesting the form [] {"uid":"a5458e4"}
[2017-11-21 16:54:20] slim-app.INFO: Submitting info [] {"uid":"5c47861"}
[2017-11-21 16:54:20] slim-app.INFO: vadez [] {"uid":"5c47861"}
[2017-11-21 16:56:49] slim-app.INFO: Requesting the form [] {"uid":"bfed8a8"}
[2017-11-21 16:56:56] slim-app.INFO: Submitting info [] {"uid":"4597405"}
[2017-11-21 16:56:56] slim-app.INFO: vadez [] {"uid":"4597405"}
[2017-11-21 17:05:42] slim-app.INFO: Requesting the form [] {"uid":"e77feaa"}
[2017-11-21 17:05:45] slim-app.INFO: Submitting info [] {"uid":"22bbcf0"}
[2017-11-21 17:05:45] slim-app.INFO: a [] {"uid":"22bbcf0"}
[2017-11-21 17:05:45] slim-app.INFO: HTTP/1.1 200 OK Content-Type: text/html; charset=UTF-8   [] {"uid":"22bbcf0"}
[2017-11-21 17:06:51] slim-app.INFO: Requesting the form [] {"uid":"2935a48"}
[2017-11-21 17:06:55] slim-app.INFO: Submitting info [] {"uid":"08727f8"}
[2017-11-21 17:06:55] slim-app.INFO: vadez [] {"uid":"08727f8"}
[2017-11-21 17:07:53] slim-app.INFO: Requesting the form [] {"uid":"a8b752f"}
[2017-11-21 17:07:57] slim-app.INFO: Submitting info [] {"uid":"69cab25"}
[2017-11-21 17:07:57] slim-app.INFO: vadez [] {"uid":"69cab25"}
[2017-11-21 17:08:47] slim-app.INFO: Requesting the form [] {"uid":"d4e606d"}
[2017-11-21 17:08:50] slim-app.INFO: Submitting info [] {"uid":"ab1ad44"}
[2017-11-21 17:08:50] slim-app.INFO: vadez [] {"uid":"ab1ad44"}
[2017-11-21 17:08:50] slim-app.INFO: Array [] {"uid":"ab1ad44"}
[2017-11-21 17:09:36] slim-app.INFO: Submitting info [] {"uid":"5d875df"}
[2017-11-21 17:09:36] slim-app.INFO: vadez [] {"uid":"5d875df"}
[2017-11-21 17:09:36] slim-app.INFO:  [] {"uid":"5d875df"}
[2017-11-21 17:10:04] slim-app.INFO: Submitting info [] {"uid":"c03369d"}
[2017-11-21 17:10:04] slim-app.INFO: vadez [] {"uid":"c03369d"}
[2017-11-21 17:10:04] slim-app.INFO:  [] {"uid":"c03369d"}
[2017-11-21 17:10:37] slim-app.INFO: Submitting info [] {"uid":"fa47d69"}
[2017-11-21 17:10:37] slim-app.INFO: vadez [] {"uid":"fa47d69"}
[2017-11-21 17:10:37] slim-app.INFO: HTTP/1.1 200 OK Content-Type: text/html; charset=UTF-8   [] {"uid":"fa47d69"}
[2017-11-21 17:19:42] slim-app.INFO: Requesting the form [] {"uid":"9b1375e"}
[2017-11-21 17:19:47] slim-app.INFO: Submitting info [] {"uid":"889dc96"}
[2017-11-21 17:19:47] slim-app.INFO: vadez [] {"uid":"889dc96"}
[2017-11-21 17:21:00] slim-app.INFO: Requesting the form [] {"uid":"3655eba"}
[2017-11-21 17:21:03] slim-app.INFO: Submitting info [] {"uid":"1765bd8"}
[2017-11-21 17:21:03] slim-app.INFO: vadez [] {"uid":"1765bd8"}
[2017-11-21 17:21:03] slim-app.INFO: vadez [] {"uid":"1765bd8"}
[2017-11-21 17:22:09] slim-app.INFO: Requesting the form [] {"uid":"17d34fd"}
[2017-11-21 17:22:13] slim-app.INFO: Submitting info [] {"uid":"c46c4de"}
[2017-11-21 17:22:13] slim-app.INFO: vadez [] {"uid":"c46c4de"}
[2017-11-21 17:23:53] slim-app.INFO: Submitting info [] {"uid":"3a82282"}
[2017-11-21 17:23:53] slim-app.INFO: vadez [] {"uid":"3a82282"}
[2017-11-21 17:23:57] slim-app.INFO: Submitting info [] {"uid":"c65d98d"}
[2017-11-21 17:23:57] slim-app.INFO: vadez [] {"uid":"c65d98d"}
[2017-11-21 17:25:08] slim-app.INFO: Submitting info [] {"uid":"61023fc"}
[2017-11-21 17:25:08] slim-app.INFO: vadez [] {"uid":"61023fc"}
[2017-11-21 17:25:08] slim-app.INFO: vadez [] {"uid":"61023fc"}
[2017-11-21 17:25:08] slim-app.INFO: arnaud [] {"uid":"61023fc"}
[2017-11-21 17:25:39] slim-app.INFO: Submitting info [] {"uid":"29f7de9"}
[2017-11-21 17:25:39] slim-app.INFO: vadez [] {"uid":"29f7de9"}
[2017-11-21 17:25:39] slim-app.INFO: vadez [] {"uid":"29f7de9"}
[2017-11-21 17:25:39] slim-app.INFO: arnaud [] {"uid":"29f7de9"}
[2017-11-21 17:28:33] slim-app.INFO: Submitting info [] {"uid":"e0111c7"}
[2017-11-21 17:28:33] slim-app.INFO: vadez [] {"uid":"e0111c7"}
[2017-11-21 17:28:33] slim-app.INFO: vadez [] {"uid":"e0111c7"}
[2017-11-21 17:28:33] slim-app.INFO: arnaud [] {"uid":"e0111c7"}
[2017-11-21 17:30:43] slim-app.INFO: Slim-Skeleton '/' route [] {"uid":"d2ba545"}
[2017-11-21 17:31:15] slim-app.INFO: Slim-Skeleton '/' route [] {"uid":"e1addb9"}
[2017-11-21 17:31:15] slim-app.INFO:  [] {"uid":"e1addb9"}
[2017-11-21 17:38:17] slim-app.INFO: Slim-Skeleton '/' route [] {"uid":"43298a0"}
[2017-11-21 17:38:17] slim-app.INFO:  [] {"uid":"43298a0"}
[2017-11-21 17:38:56] slim-app.INFO: Slim-Skeleton '/' route [] {"uid":"aa277f7"}
[2017-11-21 17:38:56] slim-app.INFO:  [] {"uid":"aa277f7"}
[2017-11-21 17:39:46] slim-app.INFO: Slim-Skeleton '/' route [] {"uid":"8ff88ac"}
[2017-11-21 17:39:46] slim-app.INFO: 0 [] {"uid":"8ff88ac"}
[2017-11-21 17:40:48] slim-app.INFO: Requesting the form [] {"uid":"c7c3583"}
[2017-11-21 17:40:52] slim-app.INFO: Submitting info [] {"uid":"b5363f7"}
[2017-11-21 17:40:52] slim-app.INFO: b [] {"uid":"b5363f7"}
[2017-11-21 17:40:52] slim-app.INFO: b [] {"uid":"b5363f7"}
[2017-11-21 17:40:52] slim-app.INFO: a [] {"uid":"b5363f7"}
[2017-11-21 17:41:09] slim-app.INFO: Submitting info [] {"uid":"f40309a"}
[2017-11-21 17:41:09] slim-app.INFO: b [] {"uid":"f40309a"}
[2017-11-21 17:41:09] slim-app.INFO: b [] {"uid":"f40309a"}
[2017-11-21 17:41:09] slim-app.INFO: a [] {"uid":"f40309a"}
[2017-11-21 17:43:30] slim-app.INFO: Submitting info [] {"uid":"9288854"}
[2017-11-21 17:43:30] slim-app.INFO: b [] {"uid":"9288854"}
[2017-11-21 17:43:30] slim-app.INFO: b [] {"uid":"9288854"}
[2017-11-21 17:43:30] slim-app.INFO: a [] {"uid":"9288854"}
[2017-11-21 17:43:33] slim-app.INFO: Requesting the form [] {"uid":"e7abfa0"}
[2017-11-21 17:43:37] slim-app.INFO: Submitting info [] {"uid":"a4ccdc2"}
[2017-11-21 17:43:37] slim-app.INFO: vadez [] {"uid":"a4ccdc2"}
[2017-11-21 17:43:37] slim-app.INFO: vadez [] {"uid":"a4ccdc2"}
[2017-11-21 17:43:37] slim-app.INFO: arnaud [] {"uid":"a4ccdc2"}
[2017-11-21 17:44:10] slim-app.INFO: Submitting info [] {"uid":"1847307"}
[2017-11-21 17:44:10] slim-app.INFO: vadez [] {"uid":"1847307"}
[2017-11-21 17:44:10] slim-app.INFO:  [] {"uid":"1847307"}
[2017-11-21 17:44:10] slim-app.INFO:  [] {"uid":"1847307"}
[2017-11-21 17:44:53] slim-app.INFO: Submitting info [] {"uid":"533f0f0"}
[2017-11-21 17:44:53] slim-app.INFO: vadez [] {"uid":"533f0f0"}
